#
# There is insufficient memory for the Java Runtime Environment to continue.
# Native memory allocation (mmap) failed to map 268435456 bytes for G1 virtual space
# Possible reasons:
#   The system is out of physical RAM or swap space
#   The process is running with CompressedOops enabled, and the Java Heap may be blocking the growth of the native heap
# Possible solutions:
#   Reduce memory load on the system
#   Increase physical memory or swap space
#   Check if swap backing store is full
#   Decrease Java heap size (-Xmx/-Xms)
#   Decrease number of Java threads
#   Decrease Java thread stack sizes (-Xss)
#   Set larger code cache with -XX:ReservedCodeCacheSize=
#   JVM is running with Zero Based Compressed Oops mode in which the Java heap is
#     placed in the first 32GB address space. The Java Heap base address is the
#     maximum limit for the native heap growth. Please use -XX:HeapBaseMinAddress
#     to set the Java Heap base and to place the Java Heap above 32GB virtual address.
# This output file may be truncated or incomplete.
#
#  Out of Memory Error (os_windows.cpp:3548), pid=5568, tid=10612
#
# JRE version:  (17.0.12+8) (build )
# Java VM: Java HotSpot(TM) 64-Bit Server VM (17.0.12+8-LTS-286, mixed mode, sharing, tiered, compressed oops, compressed class ptrs, g1 gc, windows-amd64)
# No core dump will be written. Minidumps are not enabled by default on client versions of Windows
#

---------------  S U M M A R Y ------------

Command Line: org.jetbrains.kotlin.cli.jvm.K2JVMCompiler @D:\Exploitation\ReactNative\ReactNative-test\node_modules\react-native-video\android\buildOutput_a15d4dee7fc4eda61b91308cbb6a2e72\20250609_2150481261754290457.compiler.options

Host: Intel(R) Core(TM) i7-4770 CPU @ 3.40GHz, 8 cores, 15G,  Windows 10 , 64 bit Build 19041 (10.0.19041.546)
Time: Mon Jun  9 17:04:22 2025  Windows 10 , 64 bit Build 19041 (10.0.19041.546) elapsed time: 0.013871 seconds (0d 0h 0m 0s)

---------------  T H R E A D  ---------------

Current thread (0x000001e7b2537480):  JavaThread "Unknown thread" [_thread_in_vm, id=10612, stack(0x000000c19f800000,0x000000c19f900000)]

Stack: [0x000000c19f800000,0x000000c19f900000]
Native frames: (J=compiled Java code, j=interpreted, Vv=VM code, C=native code)
V  [jvm.dll+0x67a04a]
V  [jvm.dll+0x7da4ed]
V  [jvm.dll+0x7dbe33]
V  [jvm.dll+0x7dc4a3]
V  [jvm.dll+0x24508f]
V  [jvm.dll+0x677089]
V  [jvm.dll+0x66bd32]
V  [jvm.dll+0x301fa6]
V  [jvm.dll+0x309546]
V  [jvm.dll+0x359d2e]
V  [jvm.dll+0x359f5f]
V  [jvm.dll+0x2d9078]
V  [jvm.dll+0x2d9fe4]
V  [jvm.dll+0x7aca21]
V  [jvm.dll+0x367591]
V  [jvm.dll+0x78b999]
V  [jvm.dll+0x3ec83f]
V  [jvm.dll+0x3ee471]
C  [jli.dll+0x5297]
C  [ucrtbase.dll+0x214c2]
C  [KERNEL32.DLL+0x17034]
C  [ntdll.dll+0x4cec1]


---------------  P R O C E S S  ---------------

Threads class SMR info:
_java_thread_list=0x00007ff896fd7a18, length=0, elements={
}

Java Threads: ( => current thread )

Other Threads:
  0x000001e7b25a4d40 GCTaskThread "GC Thread#0" [stack: 0x0000000000000000,0x0000000000000000] [id=5864]
  0x000001e7b25b5a60 ConcurrentGCThread "G1 Main Marker" [stack: 0x000000c19fa00000,0x000000c19fb00000] [id=7292]
  0x000001e7b25b6380 ConcurrentGCThread "G1 Conc#0" [stack: 0x000000c19fb00000,0x000000c19fc00000] [id=15192]

[error occurred during error reporting (printing all threads), id 0xc0000005, EXCEPTION_ACCESS_VIOLATION (0xc0000005) at pc=0x00007ff896809b67]

VM state: not at safepoint (not fully initialized)

VM Mutex/Monitor currently owned by a thread:  ([mutex/lock_event])
[0x000001e7b2533df0] Heap_lock - owner thread: 0x000001e7b2537480

Heap address: 0x0000000701400000, size: 4076 MB, Compressed Oops mode: Zero based, Oop shift amount: 3

CDS archive(s) mapped at: [0x0000000000000000-0x0000000000000000-0x0000000000000000), size 0, SharedBaseAddress: 0x0000000800000000, ArchiveRelocationMode: 1.
Narrow klass base: 0x0000000000000000, Narrow klass shift: 0, Narrow klass range: 0x0

GC Precious Log:
<Empty>

Heap:
 garbage-first heap   total 0K, used 0K [0x0000000701400000, 0x0000000800000000)
  region size 2048K, 0 young (0K), 0 survivors (0K)

[error occurred during error reporting (printing heap information), id 0xc0000005, EXCEPTION_ACCESS_VIOLATION (0xc0000005) at pc=0x00007ff896bf3859]

GC Heap History (0 events):
No events

Deoptimization events (0 events):
No events

Classes unloaded (0 events):
No events

Classes redefined (0 events):
No events

Internal exceptions (0 events):
No events

VM Operations (0 events):
No events

Events (1 events):
Event: 0.010 Loaded shared library D:\Exploitation\JDK\bin\java.dll


Dynamic libraries:
0x00007ff775c30000 - 0x00007ff775c40000 	D:\Exploitation\JDK\bin\java.exe
0x00007ff8f4f90000 - 0x00007ff8f5186000 	C:\Windows\SYSTEM32\ntdll.dll
0x00007ff8f3aa0000 - 0x00007ff8f3b5d000 	C:\Windows\System32\KERNEL32.DLL
0x00007ff8f2d30000 - 0x00007ff8f2ff8000 	C:\Windows\System32\KERNELBASE.dll
0x00007ff8daca0000 - 0x00007ff8dacb9000 	D:\Exploitation\JDK\bin\jli.dll
0x00007ff8f39f0000 - 0x00007ff8f3a9a000 	C:\Windows\System32\ADVAPI32.dll
0x00007ff8f3000000 - 0x00007ff8f309e000 	C:\Windows\System32\msvcrt.dll
0x00007ff8f2800000 - 0x00007ff8f2900000 	C:\Windows\System32\ucrtbase.dll
0x00007ff8f47a0000 - 0x00007ff8f483b000 	C:\Windows\System32\sechost.dll
0x00007ff8f3bc0000 - 0x00007ff8f3ce4000 	C:\Windows\System32\RPCRT4.dll
0x00007ff8f4210000 - 0x00007ff8f43b0000 	C:\Windows\System32\USER32.dll
0x00007ff8f2c80000 - 0x00007ff8f2ca2000 	C:\Windows\System32\win32u.dll
0x00007ff8f4640000 - 0x00007ff8f466a000 	C:\Windows\System32\GDI32.dll
0x00007ff8f2900000 - 0x00007ff8f2a09000 	C:\Windows\System32\gdi32full.dll
0x00007ff8f2760000 - 0x00007ff8f27fd000 	C:\Windows\System32\msvcp_win.dll
0x00007ff8edfb0000 - 0x00007ff8edfcb000 	D:\Exploitation\JDK\bin\VCRUNTIME140.dll
0x00007ff8e45d0000 - 0x00007ff8e486b000 	C:\Windows\WinSxS\amd64_microsoft.windows.common-controls_6595b64144ccf1df_6.0.19041.488_none_ca04af081b815d21\COMCTL32.dll
0x00007ff8e4940000 - 0x00007ff8e494a000 	C:\Windows\SYSTEM32\VERSION.dll
0x00007ff8f49d0000 - 0x00007ff8f4a00000 	C:\Windows\System32\IMM32.DLL
0x00007ff8ee040000 - 0x00007ff8ee04c000 	D:\Exploitation\JDK\bin\vcruntime140_1.dll
0x00007ff8e0d20000 - 0x00007ff8e0dae000 	D:\Exploitation\JDK\bin\msvcp140.dll
0x00007ff896520000 - 0x00007ff897100000 	D:\Exploitation\JDK\bin\server\jvm.dll
0x00007ff8f48f0000 - 0x00007ff8f48f8000 	C:\Windows\System32\PSAPI.DLL
0x00007ff8e2810000 - 0x00007ff8e2819000 	C:\Windows\SYSTEM32\WSOCK32.dll
0x00007ff8e7d00000 - 0x00007ff8e7d27000 	C:\Windows\SYSTEM32\WINMM.dll
0x00007ff8f4ee0000 - 0x00007ff8f4f4b000 	C:\Windows\System32\WS2_32.dll
0x00007ff8f0650000 - 0x00007ff8f0662000 	C:\Windows\SYSTEM32\kernel.appcore.dll
0x00007ff8edf80000 - 0x00007ff8edf8a000 	D:\Exploitation\JDK\bin\jimage.dll
0x00007ff8ee110000 - 0x00007ff8ee2f4000 	C:\Windows\SYSTEM32\DBGHELP.DLL
0x00007ff8e2a50000 - 0x00007ff8e2a7c000 	C:\Windows\SYSTEM32\dbgcore.DLL
0x00007ff8f26e0000 - 0x00007ff8f275f000 	C:\Windows\System32\bcryptPrimitives.dll
0x00007ff8edf50000 - 0x00007ff8edf75000 	D:\Exploitation\JDK\bin\java.dll

dbghelp: loaded successfully - version: 4.0.5 - missing functions: none
symbol engine: initialized successfully - sym options: 0x614 - pdb path: .;D:\Exploitation\JDK\bin;C:\Windows\SYSTEM32;C:\Windows\WinSxS\amd64_microsoft.windows.common-controls_6595b64144ccf1df_6.0.19041.488_none_ca04af081b815d21;D:\Exploitation\JDK\bin\server

VM Arguments:
java_command: org.jetbrains.kotlin.cli.jvm.K2JVMCompiler @D:\Exploitation\ReactNative\ReactNative-test\node_modules\react-native-video\android\buildOutput_a15d4dee7fc4eda61b91308cbb6a2e72\20250609_2150481261754290457.compiler.options
java_class_path (initial): C:\Users\Administrator\.gradle\caches\modules-2\files-2.1\org.jetbrains.kotlin\kotlin-compiler-embeddable\2.0.21\79346ed53db48b18312a472602eb5c057070c54d\kotlin-compiler-embeddable-2.0.21.jar;C:\Users\Administrator\.gradle\caches\modules-2\files-2.1\org.jetbrains.kotlin\kotlin-stdlib\2.0.21\618b539767b4899b4660a83006e052b63f1db551\kotlin-stdlib-2.0.21.jar;C:\Users\Administrator\.gradle\caches\modules-2\files-2.1\org.jetbrains.kotlin\kotlin-script-runtime\2.0.21\c9b044380ad41f89aa89aa896c2d32a8c0b2129d\kotlin-script-runtime-2.0.21.jar;C:\Users\Administrator\.gradle\caches\modules-2\files-2.1\org.jetbrains.kotlin\kotlin-reflect\1.6.10\1cbe9c92c12a94eea200d23c2bbaedaf3daf5132\kotlin-reflect-1.6.10.jar;C:\Users\Administrator\.gradle\caches\modules-2\files-2.1\org.jetbrains.kotlin\kotlin-daemon-embeddable\2.0.21\c9e933b23287de9b5a17e2116b4657bb91aea72c\kotlin-daemon-embeddable-2.0.21.jar;C:\Users\Administrator\.gradle\caches\modules-2\files-2.1\org.jetbrains.intellij.deps\trove4j\1.0.20200330\3afb14d5f9ceb459d724e907a21145e8ff394f02\trove4j-1.0.20200330.jar;C:\Users\Administrator\.gradle\caches\modules-2\files-2.1\org.jetbrains.kotlinx\kotlinx-coroutines-core-jvm\1.6.4\2c997cd1c0ef33f3e751d3831929aeff1390cb30\kotlinx-coroutines-core-jvm-1.6.4.jar;C:\Users\Administrator\.gradle\caches\modules-2\files-2.1\org.jetbrains\annotations\13.0\919f0dfe192fb4e063e7dacadee7f8bb9a2672a9\annotations-13.0.jar
Launcher Type: SUN_STANDARD

[Global flags]
     intx CICompilerCount                          = 4                                         {product} {ergonomic}
     uint ConcGCThreads                            = 2                                         {product} {ergonomic}
     uint G1ConcRefinementThreads                  = 8                                         {product} {ergonomic}
   size_t G1HeapRegionSize                         = 2097152                                   {product} {ergonomic}
    uintx GCDrainStackTargetSize                   = 64                                        {product} {ergonomic}
   size_t InitialHeapSize                          = 268435456                                 {product} {ergonomic}
   size_t MarkStackSize                            = 4194304                                   {product} {ergonomic}
   size_t MaxHeapSize                              = 4273995776                                {product} {ergonomic}
   size_t MinHeapDeltaBytes                        = 2097152                                   {product} {ergonomic}
   size_t MinHeapSize                              = 8388608                                   {product} {ergonomic}
    uintx NonNMethodCodeHeapSize                   = 5839372                                {pd product} {ergonomic}
    uintx NonProfiledCodeHeapSize                  = 122909434                              {pd product} {ergonomic}
    uintx ProfiledCodeHeapSize                     = 122909434                              {pd product} {ergonomic}
    uintx ReservedCodeCacheSize                    = 251658240                              {pd product} {ergonomic}
     bool SegmentedCodeCache                       = true                                      {product} {ergonomic}
   size_t SoftMaxHeapSize                          = 4273995776                             {manageable} {ergonomic}
     bool UseCompressedClassPointers               = true                           {product lp64_product} {ergonomic}
     bool UseCompressedOops                        = true                           {product lp64_product} {ergonomic}
     bool UseG1GC                                  = true                                      {product} {ergonomic}
     bool UseLargePagesIndividualAllocation        = false                                  {pd product} {ergonomic}

Logging:
Log output configuration:
 #0: stdout all=warning uptime,level,tags
 #1: stderr all=off uptime,level,tags

Environment Variables:
JAVA_HOME=D:\Exploitation\JDK
CLASSPATH=D:\Exploitation\ReactNative\ReactNative-test\android\\gradle\wrapper\gradle-wrapper.jar
PATH=C:\Users\Administrator\AppData\Local\Temp\yarn--1749459819961-0.9483246683831346;D:\Exploitation\ReactNative\ReactNative-test\node_modules\.bin;C:\Users\Administrator\AppData\Local\Yarn\Data\link\node_modules\.bin;C:\Users\Administrator\AppData\Local\Yarn\bin;D:\Exploitation\node\libexec\lib\node_modules\npm\bin\node-gyp-bin;D:\Exploitation\node\lib\node_modules\npm\bin\node-gyp-bin;D:\Exploitation\node\nodejs\node_modules\npm\bin\node-gyp-bin;C:\Program Files\Common Files\Oracle\Java\javapath;C:\Windows\system32;C:\Windows;C:\Windows\System32\Wbem;C:\Windows\System32\WindowsPowerShell\v1.0\;C:\Windows\System32\OpenSSH\;D:\Exploitation\MySQL\MySQL Server 8.0\bin;C:\Program Files\Git\cmd;D:\Exploitation\Maven\apache-maven-3.5.3\bin;D:\Exploitation\nvm;D:\Exploitation\node\nodejs;D:\Exploitation\JDK\bin;c:\Users\Administrator\AppData\Local\Programs\cursor\resources\app\bin;c:\Users\Administrator\AppData\Local\Programs\cursor\resources\app\bin;c:\Users\Administrator\AppData\Local\Programs\cursor\resources\app\bin;c:\Users\Administrator\AppData\Local\Programs\cursor\resources\app\bin;c:\Users\Administrator\AppData\Local\Programs\cursor\resources\app\bin;D:\Exploitation\Android\sdk\tools;D:\Exploitation\Android\sdk\platform-tools;D:\Exploitation\python\python3.11\Scripts\;D:\Exploitation\python\python3.11\;D:\Exploitation\python\python3.10\Scripts\;D:\Exploitation\python\python3.10\;D:\Exploitation\python\Scripts\;C:\Users\Administrator\AppData\Local\Microsoft\WindowsApps;D:\Exploitation\Idea\IntelliJ IDEA 2025.1\bin;;C:\Users\Administrator\AppData\Roaming\npm;D:\Exploitation\Idea\Microsoft VS Code\bin;C:\Users\Administrator\AppData\Local\Programs\cursor\resources\app\bin;D:\Exploitation\nvm;D:\Exploitation\node\nodejs;D:\Exploitation\Android\sdk;
USERNAME=Administrator
OS=Windows_NT
PROCESSOR_IDENTIFIER=Intel64 Family 6 Model 60 Stepping 3, GenuineIntel



---------------  S Y S T E M  ---------------

OS:
 Windows 10 , 64 bit Build 19041 (10.0.19041.546)
OS uptime: 0 days 8:04 hours

CPU: total 8 (initial active 8) (4 cores per cpu, 2 threads per core) family 6 model 60 stepping 3 microcode 0x27, cx8, cmov, fxsr, ht, mmx, sse, sse2, sse3, ssse3, sse4.1, sse4.2, popcnt, lzcnt, tsc, tscinvbit, avx, avx2, aes, erms, clmul, bmi1, bmi2, fma, vzeroupper, clflush

Memory: 4k page, system-wide physical 16296M (585M free)
TotalPageFile size 39849M (AvailPageFile size 4M)
current process WorkingSet (physical memory assigned to process): 10M, peak: 10M
current process commit charge ("private bytes"): 60M, peak: 316M

vm_info: Java HotSpot(TM) 64-Bit Server VM (17.0.12+8-LTS-286) for windows-amd64 JRE (17.0.12+8-LTS-286), built on Jun  5 2024 06:46:59 by "mach5one" with MS VC++ 17.6 (VS2022)

END.
